<?xml version="1.0" encoding="UTF-8"?>
<!-- Generated by org.testng.reporters.JUnitReportReporter -->
<testsuite hostname="Srini" failures="0" tests="1" name="POM.SauceDemoPage" time="14.054" errors="0" timestamp="2023-07-07T10:48:24 IST" skipped="0">
  <testcase classname="POM.SauceDemoPage" name="Login" time="14.054"/>
  <system-out/>
</testsuite> <!-- POM.SauceDemoPage -->
