<?xml version="1.0" encoding="UTF-8"?>
<!-- Generated by org.testng.reporters.JUnitReportReporter -->
<testsuite hostname="Srini" failures="0" tests="1" name="Base.BaseClass" time="7.972" errors="0" timestamp="2023-07-10T12:16:59 IST" skipped="0">
  <testcase classname="Base.BaseClass" name="Test" time="7.972"/>
  <system-out/>
</testsuite> <!-- Base.BaseClass -->
