<?xml version="1.0" encoding="UTF-8"?>
<!-- Generated by org.testng.reporters.JUnitReportReporter -->
<testsuite hostname="Srini" failures="0" tests="2" name="Base.ActionClass" time="16.142" errors="0" timestamp="2024-01-13T19:08:18 IST" skipped="1">
  <testcase classname="Base.ActionClass" name="Test1" time="16.142"/>
  <system-out/>
  <testcase classname="Base.ActionClass" name="Test">
    <skipped/>
  </testcase> <!-- Test -->
  <system-out/>
</testsuite> <!-- Base.ActionClass -->
